<?xml version="1.0" encoding="UTF-8"?>
<!-- Generated by org.testng.reporters.JUnitXMLReporter -->
<testsuite ignored="0" hostname="DESKTOP-OTPBCG2" failures="1" tests="1" name="validation title" time="19.947" errors="0" timestamp="2020-06-18T11:14:41 IST">
  <testcase classname="mobilfuns.a_chat.validatetitle" name="validate" time="4.639">
    <failure type="java.lang.AssertionError" message="expected [aChat123] but found [aChat]">
      <![CDATA[java.lang.AssertionError: expected [aChat123] but found [aChat]
at mobilfuns.a_chat.validatetitle.validate(validatetitle.java:45)
at java.base/java.util.ArrayList.forEach(ArrayList.java:1510)
... Removed 32 stack frames]]>
    </failure>
  </testcase> <!-- validate -->
</testsuite> <!-- validation title -->
